2023-08-06 00:53:44.673313 - Initialized conversion of CBT1003
2023-08-06 00:53:44.843198 - Received SBGOLOB.CBT506.FILE1003 from FILE1003.XMI 
2023-08-06 00:53:44.845473 - Found $$$#DATE.txt (text/plain) in SBGOLOB.CBT506.FILE1003, moved to FILE1003/$$$#DATE
2023-08-06 00:53:44.846400 - Found $$NOTICE.txt (text/plain) in SBGOLOB.CBT506.FILE1003, moved to FILE1003/$$NOTICE
2023-08-06 00:53:44.847510 - Found $PDSLOAD.jcl (text/plain) in SBGOLOB.CBT506.FILE1003, moved to FILE1003/$PDSLOAD
2023-08-06 00:53:44.848520 - Found @FIL1003.txt (text/plain) in SBGOLOB.CBT506.FILE1003, moved to FILE1003/@FIL1003
2023-08-06 00:53:44.849487 - Found BTXCSCAN.txt (text/plain) in SBGOLOB.CBT506.FILE1003, moved to FILE1003/BTXCSCAN
2023-08-06 00:53:44.850408 - Found CLOPS.txt (text/plain) in SBGOLOB.CBT506.FILE1003, moved to FILE1003/CLOPS
2023-08-06 00:53:44.851421 - Found CLOPS$.jcl (text/plain) in SBGOLOB.CBT506.FILE1003, moved to FILE1003/CLOPS$
2023-08-06 00:53:44.852459 - Found CTFUW.txt (text/plain) in SBGOLOB.CBT506.FILE1003, moved to FILE1003/CTFUW
2023-08-06 00:53:44.853356 - Found CTFUW$.jcl (text/plain) in SBGOLOB.CBT506.FILE1003, moved to FILE1003/CTFUW$
2023-08-06 00:53:44.854286 - Found CTFUWJ1.jcl (text/plain) in SBGOLOB.CBT506.FILE1003, moved to FILE1003/CTFUWJ1
2023-08-06 00:53:44.855180 - Found CTFUWJ2.jcl (text/plain) in SBGOLOB.CBT506.FILE1003, moved to FILE1003/CTFUWJ2
2023-08-06 00:53:44.856240 - Found GMDMAC.txt (text/plain) in SBGOLOB.CBT506.FILE1003, moved to FILE1003/GMDMAC
2023-08-06 00:53:44.857222 - Found PDSCLR.txt (text/plain) in SBGOLOB.CBT506.FILE1003, moved to FILE1003/PDSCLR
2023-08-06 00:53:44.858143 - Found PDSCLR$.jcl (text/plain) in SBGOLOB.CBT506.FILE1003, moved to FILE1003/PDSCLR$
2023-08-06 00:53:44.859034 - Found PDSCLRJ1.jcl (text/plain) in SBGOLOB.CBT506.FILE1003, moved to FILE1003/PDSCLRJ1
2023-08-06 00:53:44.864699 - Found PDSLOAD.xmi (application/xmit) in SBGOLOB.CBT506.FILE1003
2023-08-06 00:53:44.872498   - Received RECFM=U data, stored XMIT file as CBT1003/PDSLOAD.xmi
2023-08-06 00:53:44.873439 - Found TAPESKI$.jcl (text/plain) in SBGOLOB.CBT506.FILE1003, moved to FILE1003/TAPESKI$
2023-08-06 00:53:44.874398 - Found TAPESKIM.txt (text/plain) in SBGOLOB.CBT506.FILE1003, moved to FILE1003/TAPESKIM
2023-08-06 00:53:44.875385 - Found TAPESKJ1.jcl (text/plain) in SBGOLOB.CBT506.FILE1003, moved to FILE1003/TAPESKJ1
